<?xml version="1.0" encoding="UTF-8"?>
<testng-results ignored="2" total="3" passed="0" failed="1" skipped="0">
  <reporter-output>
  </reporter-output>
  <suite started-at="2019-10-23T19:58:10Z" name="Default suite" finished-at="2019-10-23T19:58:46Z" duration-ms="35781">
    <groups>
    </groups>
    <test started-at="2019-10-23T19:58:10Z" name="Default test" finished-at="2019-10-23T19:58:46Z" duration-ms="35781">
      <class name="com.selenium.testcases.GoogleSearchTestCase">
        <test-method is-config="true" signature="browserSetup()[pri:0, instance:com.selenium.testcases.GoogleSearchTestCase@342c38f8]" started-at="2019-10-23T20:58:10Z" name="browserSetup" finished-at="2019-10-23T20:58:15Z" duration-ms="4464" status="PASS">
          <reporter-output>
          </reporter-output>
        </test-method> <!-- browserSetup -->
        <test-method signature="verifyThatGoogleHasProvidedOptionNamedFlatEarthView()[pri:3, instance:com.selenium.testcases.GoogleSearchTestCase@342c38f8]" started-at="2019-10-23T20:58:15Z" name="verifyThatGoogleHasProvidedOptionNamedFlatEarthView" description="Confirm that Google has provided an option named &#039;Flat Earth View&#039;" finished-at="2019-10-23T20:58:46Z" duration-ms="31298" status="FAIL">
          <exception class="org.openqa.selenium.TimeoutException">
            <message>
              <![CDATA[Expected condition failed: waiting for element to be clickable: By.cssSelector: a[id='gb8'] (tried for 30 second(s) with 500 MILLISECONDS interval)Build info: version: 'unknown', revision: '5234b32', time: '2017-03-10 09:00:17 -0800'System info: host: 'Aarons-MacBook-Pro.local', ip: '2a02:8084:2561:c180:ed40:9a73:610a:b7aa%en0', os.name: 'Mac OS X', os.arch: 'x86_64', os.version: '10.15', java.version: '9.0.1'Driver info: org.openqa.selenium.firefox.FirefoxDriverCapabilities [{rotatable=false, raisesAccessibilityExceptions=false, appBuildId=20161104212021, version=50.0, platform=MAC, proxy={}, command_id=1, specificationLevel=0, acceptSslCerts=false, processId=1008, browserVersion=50.0, platformVersion=19.0.0, XULappId={ec8030f7-c20a-464f-9b0e-13a3a9e97384}, browserName=firefox, takesScreenshot=true, takesElementScreenshot=true, platformName=darwin}]Session ID: 1fd2cafc-2313-8a45-9a86-b8aebefa10a7]]>
            </message>
            <full-stacktrace>
              <![CDATA[org.openqa.selenium.TimeoutException: Expected condition failed: waiting for element to be clickable: By.cssSelector: a[id='gb8'] (tried for 30 second(s) with 500 MILLISECONDS interval)Build info: version: 'unknown', revision: '5234b32', time: '2017-03-10 09:00:17 -0800'System info: host: 'Aarons-MacBook-Pro.local', ip: '2a02:8084:2561:c180:ed40:9a73:610a:b7aa%en0', os.name: 'Mac OS X', os.arch: 'x86_64', os.version: '10.15', java.version: '9.0.1'Driver info: org.openqa.selenium.firefox.FirefoxDriverCapabilities [{rotatable=false, raisesAccessibilityExceptions=false, appBuildId=20161104212021, version=50.0, platform=MAC, proxy={}, command_id=1, specificationLevel=0, acceptSslCerts=false, processId=1008, browserVersion=50.0, platformVersion=19.0.0, XULappId={ec8030f7-c20a-464f-9b0e-13a3a9e97384}, browserName=firefox, takesScreenshot=true, takesElementScreenshot=true, platformName=darwin}]Session ID: 1fd2cafc-2313-8a45-9a86-b8aebefa10a7at org.openqa.selenium.support.ui.WebDriverWait.timeoutException(WebDriverWait.java:80)at org.openqa.selenium.support.ui.FluentWait.until(FluentWait.java:232)at com.selenium.testfunctions.GoogleSearchFunction.googleSearchEngineMapOptions(GoogleSearchFunction.java:67)at com.selenium.testcases.GoogleSearchTestCase.verifyThatGoogleHasProvidedOptionNamedFlatEarthView(GoogleSearchTestCase.java:54)at java.base/jdk.internal.reflect.NativeMethodAccessorImpl.invoke0(Native Method)at java.base/jdk.internal.reflect.NativeMethodAccessorImpl.invoke(NativeMethodAccessorImpl.java:62)at java.base/jdk.internal.reflect.DelegatingMethodAccessorImpl.invoke(DelegatingMethodAccessorImpl.java:43)at java.base/java.lang.reflect.Method.invoke(Method.java:564)at org.testng.internal.MethodInvocationHelper.invokeMethod(MethodInvocationHelper.java:124)at org.testng.internal.Invoker.invokeMethod(Invoker.java:571)at org.testng.internal.Invoker.invokeTestMethod(Invoker.java:707)at org.testng.internal.Invoker.invokeTestMethods(Invoker.java:979)at org.testng.internal.TestMethodWorker.invokeTestMethods(TestMethodWorker.java:125)at org.testng.internal.TestMethodWorker.run(TestMethodWorker.java:109)at org.testng.TestRunner.privateRun(TestRunner.java:648)at org.testng.TestRunner.run(TestRunner.java:505)at org.testng.SuiteRunner.runTest(SuiteRunner.java:455)at org.testng.SuiteRunner.runSequentially(SuiteRunner.java:450)at org.testng.SuiteRunner.privateRun(SuiteRunner.java:415)at org.testng.SuiteRunner.run(SuiteRunner.java:364)at org.testng.SuiteRunnerWorker.runSuite(SuiteRunnerWorker.java:52)at org.testng.SuiteRunnerWorker.run(SuiteRunnerWorker.java:84)at org.testng.TestNG.runSuitesSequentially(TestNG.java:1187)at org.testng.TestNG.runSuitesLocally(TestNG.java:1116)at org.testng.TestNG.runSuites(TestNG.java:1028)at org.testng.TestNG.run(TestNG.java:996)at org.testng.remote.AbstractRemoteTestNG.run(AbstractRemoteTestNG.java:114)at org.testng.remote.RemoteTestNG.initAndRun(RemoteTestNG.java:251)at org.testng.remote.RemoteTestNG.main(RemoteTestNG.java:77)]]>
            </full-stacktrace>
          </exception> <!-- org.openqa.selenium.TimeoutException -->
          <reporter-output>
          </reporter-output>
        </test-method> <!-- verifyThatGoogleHasProvidedOptionNamedFlatEarthView -->
        <test-method is-config="true" signature="browserCleanUp()[pri:0, instance:com.selenium.testcases.GoogleSearchTestCase@342c38f8]" started-at="2019-10-23T20:58:46Z" name="browserCleanUp" finished-at="2019-10-23T20:58:46Z" duration-ms="0" status="PASS">
          <reporter-output>
          </reporter-output>
        </test-method> <!-- browserCleanUp -->
      </class> <!-- com.selenium.testcases.GoogleSearchTestCase -->
    </test> <!-- Default test -->
  </suite> <!-- Default suite -->
</testng-results>
